<?xml version="1.0" encoding="UTF-8"?>
<!-- Generated by org.testng.reporters.JUnitReportReporter -->
<testsuite skipped="0" hostname="Ajeet" name="com.TestNG.GroupingExcution" tests="11" failures="0" timestamp="2020-01-03T15:09:27 IST" time="0.081" errors="0">
  <testcase name="smokeTest4" time="0.011" classname="com.TestNG.GroupingExcution"/>
  <testcase name="FTTest1" time="0.020" classname="com.TestNG.GroupingExcution"/>
  <testcase name="smokeTest3" time="0.007" classname="com.TestNG.GroupingExcution"/>
  <testcase name="smokeTest1" time="0.008" classname="com.TestNG.GroupingExcution"/>
  <testcase name="ITTest1" time="0.004" classname="com.TestNG.GroupingExcution"/>
  <testcase name="ITTest3" time="0.003" classname="com.TestNG.GroupingExcution"/>
  <testcase name="FTTest2" time="0.004" classname="com.TestNG.GroupingExcution"/>
  <testcase name="RegressionTest1" time="0.007" classname="com.TestNG.GroupingExcution"/>
  <testcase name="smokeTest2" time="0.011" classname="com.TestNG.GroupingExcution"/>
  <testcase name="RegressionTest2" time="0.003" classname="com.TestNG.GroupingExcution"/>
  <testcase name="ITTest2" time="0.003" classname="com.TestNG.GroupingExcution"/>
</testsuite> <!-- com.TestNG.GroupingExcution -->
