<?xml version="1.0" encoding="UTF-8"?>
<!-- Generated by org.testng.reporters.JUnitReportReporter -->
<testsuite skipped="0" hostname="Ajeet" name="com.TestNG.Demo" tests="1" failures="0" timestamp="2019-12-31T10:16:55 IST" time="0.016" errors="0">
  <testcase name="run" time="0.016" classname="com.TestNG.Demo"/>
</testsuite> <!-- com.TestNG.Demo -->
