<?xml version="1.0" encoding="UTF-8"?>
<!-- Generated by org.testng.reporters.JUnitReportReporter -->
<testsuite skipped="0" hostname="Ajeet" name="com.TestNG.Parallel1" tests="1" failures="0" timestamp="2020-01-03T17:15:37 IST" time="4.286" errors="0">
  <testcase name="parallel1" time="4.286" classname="com.TestNG.Parallel1"/>
</testsuite> <!-- com.TestNG.Parallel1 -->
