<?xml version="1.0" encoding="UTF-8"?>
<!-- Generated by org.testng.reporters.JUnitReportReporter -->
<testsuite skipped="0" hostname="Ajeet" name="com.TestNG.TestngBasics" tests="1" failures="0" timestamp="2019-12-30T22:26:20 IST" time="0.016" errors="0">
  <testcase name="main" time="0.016" classname="com.TestNG.TestngBasics"/>
</testsuite> <!-- com.TestNG.TestngBasics -->
