<?xml version="1.0" encoding="UTF-8"?>
<!-- Generated by org.testng.reporters.JUnitReportReporter -->
<testsuite skipped="0" hostname="Ajeet" name="com.TestNG.expectedException" tests="1" failures="0" timestamp="2020-01-02T23:57:53 IST" time="0.018" errors="0">
  <testcase name="test1" time="0.018" classname="com.TestNG.expectedException"/>
</testsuite> <!-- com.TestNG.expectedException -->
