<?xml version="1.0" encoding="UTF-8"?>
<!-- Generated by org.testng.reporters.JUnitReportReporter -->
<testsuite skipped="0" hostname="Ajeet" name="com.TestNG.CrossBrowsersParallelTest" tests="1" failures="0" timestamp="2020-01-04T11:01:14 IST" time="9.268" errors="0">
  <testcase name="commoncheer" time="9.268" classname="com.TestNG.CrossBrowsersParallelTest"/>
</testsuite> <!-- com.TestNG.CrossBrowsersParallelTest -->
