<?xml version="1.0" encoding="UTF-8"?>
<!-- Generated by org.testng.reporters.JUnitReportReporter -->
<testsuite skipped="0" hostname="Ajeet" name="com.TestNG.Remo" tests="1" failures="0" timestamp="2019-12-31T10:16:55 IST" time="0.000" errors="0">
  <testcase name="bun" time="0.000" classname="com.TestNG.Remo"/>
</testsuite> <!-- com.TestNG.Remo -->
