<?xml version="1.0" encoding="UTF-8"?>
<!-- Generated by org.testng.reporters.JUnitReportReporter -->
<testsuite skipped="0" hostname="Ajeet" name="com.TestNG.TestNGfeatures1" tests="4" failures="0" timestamp="2020-01-02T23:38:56 IST" time="0.042" errors="0">
  <testcase name="regTest" time="0.003" classname="com.TestNG.TestNGfeatures1"/>
  <testcase name="loginTest" time="0.027" classname="com.TestNG.TestNGfeatures1"/>
  <testcase name="homeTest" time="0.008" classname="com.TestNG.TestNGfeatures1"/>
  <testcase name="searchTest" time="0.004" classname="com.TestNG.TestNGfeatures1"/>
</testsuite> <!-- com.TestNG.TestNGfeatures1 -->
