<?xml version="1.0" encoding="UTF-8"?>
<!-- Generated by org.testng.reporters.JUnitReportReporter -->
<testsuite skipped="0" hostname="Ajeet" name="com.TestNG.TestNGBasics1" tests="2" failures="0" timestamp="2020-01-02T21:06:41 IST" time="0.017" errors="0">
  <testcase name="googleTitleTest" time="0.011" classname="com.TestNG.TestNGBasics1"/>
  <testcase name="serchTest" time="0.006" classname="com.TestNG.TestNGBasics1"/>
</testsuite> <!-- com.TestNG.TestNGBasics1 -->
