<?xml version="1.0" encoding="UTF-8"?>
<!-- Generated by org.testng.reporters.JUnitReportReporter -->
<testsuite skipped="0" hostname="Ajeet" name="com.TestNG.Parallel3" tests="1" failures="0" timestamp="2020-01-03T17:25:03 IST" time="5.288" errors="0">
  <testcase name="parallel1" time="5.288" classname="com.TestNG.Parallel3"/>
</testsuite> <!-- com.TestNG.Parallel3 -->
