<?xml version="1.0" encoding="UTF-8"?>
<!-- Generated by org.testng.reporters.JUnitReportReporter -->
<testsuite skipped="0" hostname="Ajeet" name="com.TestNG.GoogleTest" tests="3" failures="0" timestamp="2020-01-03T15:17:02 IST" time="0.031" errors="0">
  <testcase name="test1" time="0.020" classname="com.TestNG.GoogleTest"/>
  <testcase name="test2" time="0.006" classname="com.TestNG.GoogleTest"/>
  <testcase name="test3" time="0.005" classname="com.TestNG.GoogleTest"/>
</testsuite> <!-- com.TestNG.GoogleTest -->
