<?xml version="1.0" encoding="UTF-8"?>
<!-- Generated by org.testng.reporters.JUnitReportReporter -->
<testsuite skipped="0" hostname="Ajeet" name="com.TestNG.Parallel2" tests="1" failures="0" timestamp="2020-01-03T17:25:03 IST" time="5.182" errors="0">
  <testcase name="parallel1" time="5.182" classname="com.TestNG.Parallel2"/>
</testsuite> <!-- com.TestNG.Parallel2 -->
