<?xml version="1.0" encoding="UTF-8"?>
<!-- Generated by org.testng.reporters.JUnitReportReporter -->
<testsuite skipped="1" hostname="Ajeet" name="com.TestNG.Demo1" tests="13" failures="0" timestamp="2019-12-31T13:54:25 IST" time="0.088" errors="0">
  <testcase name="moon" time="0.005" classname="com.TestNG.Demo1"/>
  <testcase name="moon" time="0.004" classname="com.TestNG.Demo1"/>
  <testcase name="moon" time="0.006" classname="com.TestNG.Demo1"/>
  <testcase name="moon" time="0.021" classname="com.TestNG.Demo1"/>
  <testcase name="moon" time="0.007" classname="com.TestNG.Demo1"/>
  <testcase name="moon" time="0.004" classname="com.TestNG.Demo1"/>
  <testcase name="moon" time="0.006" classname="com.TestNG.Demo1"/>
  <testcase name="moon" time="0.007" classname="com.TestNG.Demo1"/>
  <testcase name="moon" time="0.005" classname="com.TestNG.Demo1"/>
  <testcase name="moon" time="0.003" classname="com.TestNG.Demo1"/>
  <testcase name="run" time="0.013" classname="com.TestNG.Demo1"/>
  <testcase name="gun" time="0.007" classname="com.TestNG.Demo1"/>
  <testcase name="bun" classname="com.TestNG.Demo1">
    <skipped/>
  </testcase> <!-- bun -->
</testsuite> <!-- com.TestNG.Demo1 -->
